<?xml version="1.0" encoding="UTF-8"?>
<testng-results ignored="0" total="1" passed="1" failed="0" skipped="0">
  <reporter-output>
    <line>
      <![CDATA[Validation is passed ]]>
    </line>
  </reporter-output>
  <suite started-at="2025-04-01T19:52:06 IST" name="Default suite" finished-at="2025-04-01T19:52:37 IST" duration-ms="30647">
    <groups>
    </groups>
    <test started-at="2025-04-01T19:52:06 IST" name="Default test" finished-at="2025-04-01T19:52:37 IST" duration-ms="30647">
      <class name="Login.LoginTest">
        <test-method is-config="true" signature="beforeSuit()[pri:0, instance:Login.LoginTest@3d34d211]" started-at="2025-04-01T19:52:04 IST" name="beforeSuit" finished-at="2025-04-01T19:52:06 IST" duration-ms="1691" status="PASS">
          <reporter-output>
          </reporter-output>
        </test-method> <!-- beforeSuit -->
        <test-method is-config="true" signature="beforeTest()[pri:0, instance:Login.LoginTest@3d34d211]" started-at="2025-04-01T19:52:06 IST" name="beforeTest" finished-at="2025-04-01T19:52:06 IST" duration-ms="2" status="PASS">
          <reporter-output>
          </reporter-output>
        </test-method> <!-- beforeTest -->
        <test-method is-config="true" signature="beforeClass()[pri:0, instance:Login.LoginTest@3d34d211]" started-at="2025-04-01T19:52:06 IST" name="beforeClass" finished-at="2025-04-01T19:52:15 IST" duration-ms="8460" status="PASS">
          <reporter-output>
          </reporter-output>
        </test-method> <!-- beforeClass -->
        <test-method is-config="true" signature="beforeMethod()[pri:0, instance:Login.LoginTest@3d34d211]" started-at="2025-04-01T19:52:15 IST" name="beforeMethod" finished-at="2025-04-01T19:52:21 IST" duration-ms="6785" status="PASS">
          <reporter-output>
          </reporter-output>
        </test-method> <!-- beforeMethod -->
        <test-method signature="loginPageTest()[pri:0, instance:Login.LoginTest@3d34d211]" started-at="2025-04-01T19:52:21 IST" name="loginPageTest" finished-at="2025-04-01T19:52:32 IST" duration-ms="11004" status="PASS">
          <reporter-output>
            <line>
              <![CDATA[Validation is passed ]]>
            </line>
          </reporter-output>
        </test-method> <!-- loginPageTest -->
        <test-method is-config="true" signature="afterMethod()[pri:0, instance:Login.LoginTest@3d34d211]" started-at="2025-04-01T19:52:33 IST" name="afterMethod" finished-at="2025-04-01T19:52:33 IST" duration-ms="530" status="PASS">
          <reporter-output>
          </reporter-output>
        </test-method> <!-- afterMethod -->
        <test-method is-config="true" signature="afterclass()[pri:0, instance:Login.LoginTest@3d34d211]" started-at="2025-04-01T19:52:33 IST" name="afterclass" finished-at="2025-04-01T19:52:37 IST" duration-ms="3542" status="PASS">
          <reporter-output>
          </reporter-output>
        </test-method> <!-- afterclass -->
        <test-method is-config="true" signature="afterTest()[pri:0, instance:Login.LoginTest@3d34d211]" started-at="2025-04-01T19:52:37 IST" name="afterTest" finished-at="2025-04-01T19:52:37 IST" duration-ms="4" status="PASS">
          <reporter-output>
          </reporter-output>
        </test-method> <!-- afterTest -->
        <test-method is-config="true" signature="aftersuit()[pri:0, instance:Login.LoginTest@3d34d211]" started-at="2025-04-01T19:52:37 IST" name="aftersuit" finished-at="2025-04-01T19:52:37 IST" duration-ms="13" status="PASS">
          <reporter-output>
          </reporter-output>
        </test-method> <!-- aftersuit -->
      </class> <!-- Login.LoginTest -->
    </test> <!-- Default test -->
  </suite> <!-- Default suite -->
</testng-results>
