<?xml version="1.0" encoding="UTF-8"?>
<!-- Generated by org.testng.reporters.JUnitXMLReporter -->
<testsuite ignored="0" hostname="DESKTOP-3530FM0" failures="0" tests="5" name="Test_chrome" time="300.845" errors="0" timestamp="2025-03-21T20:57:52 IST">
  <testcase classname="CampaignTest.CreateCampaign" name="createCampaignTest" time="78.231"/>
  <testcase classname="CampaignTest.CreateCampaign" name="createCampaignWithDate" time="68.44"/>
  <testcase classname="ProductTest.CreateProduct" name="createProductTest" time="47.299"/>
  <testcase classname="Login.LoginTest" name="loginPageTest" time="33.623"/>
  <testcase classname="ContactTest.CreateContact" name="createContactWithCampaign" time="72.909"/>
</testsuite> <!-- Test_chrome -->
