<?xml version="1.0" encoding="UTF-8"?>
<!-- Generated by org.testng.reporters.JUnitXMLReporter -->
<testsuite ignored="0" hostname="DESKTOP-3530FM0" failures="0" tests="5" name="Test_edge" time="311.25" errors="0" timestamp="2025-03-21T20:58:03 IST">
  <testcase classname="CampaignTest.CreateCampaign" name="createCampaignTest" time="79.192"/>
  <testcase classname="CampaignTest.CreateCampaign" name="createCampaignWithDate" time="64.969"/>
  <testcase classname="ProductTest.CreateProduct" name="createProductTest" time="63.11"/>
  <testcase classname="Login.LoginTest" name="loginPageTest" time="31.128"/>
  <testcase classname="ContactTest.CreateContact" name="createContactWithCampaign" time="72.479"/>
</testsuite> <!-- Test_edge -->
