<?xml version="1.0" encoding="UTF-8"?>
<!-- Generated by org.testng.reporters.JUnitXMLReporter -->
<testsuite ignored="0" hostname="DESKTOP-3530FM0" failures="0" tests="3" name="Test1" time="92.269" errors="0" timestamp="2025-03-20T20:32:04 IST">
  <testcase classname="CampaignTest.CreateCampaign" name="createCampaignTest" time="39.669"/>
  <testcase classname="CampaignTest.CreateCampaign" name="createCampaignWithDate" time="39.754"/>
  <testcase classname="Login.LoginTest" name="loginPageTest" time="12.668"/>
</testsuite> <!-- Test1 -->
