<?xml version="1.0" encoding="UTF-8"?>
<!-- Generated by org.testng.reporters.JUnitXMLReporter -->
<testsuite ignored="8" hostname="DESKTOP-3530FM0" failures="1" tests="8" name="Test" time="165.285" errors="0" timestamp="2025-04-01T19:06:08 IST">
  <testcase classname="CampaignTest.CreateCampaign" name="createCampaignTest" time="16.988"/>
  <testcase classname="CampaignTest.CreateCampaign" name="createCampaignWithDate" time="11.502"/>
  <testcase classname="ProductTest.CreateProduct" name="createProductTest" time="23.705"/>
  <testcase classname="Login.LoginTest" name="loginPageTest" time="7.412">
    <skipped/>
  </testcase> <!-- loginPageTest -->
  <testcase classname="Login.LoginTest" name="loginPageTest" time="7.063">
    <skipped/>
  </testcase> <!-- loginPageTest -->
  <testcase classname="Login.LoginTest" name="loginPageTest" time="7.056">
    <skipped/>
  </testcase> <!-- loginPageTest -->
  <testcase classname="Login.LoginTest" name="loginPageTest" time="7.057">
    <failure type="java.lang.AssertionError" message="http://49.249.28.218:8098/dashboard expected:&amp;lt;http://49.249.28.218:8098/dashboar&amp;gt; but was:&amp;lt;Validation is Failed&amp;gt;">
      <![CDATA[java.lang.AssertionError: http://49.249.28.218:8098/dashboard expected:<http://49.249.28.218:8098/dashboar> but was:<Validation is Failed>
at Login.LoginTest.loginPageTest(LoginTest.java:31)
at java.base/java.util.ArrayList.forEach(ArrayList.java:1597)
... Removed 26 stack frames]]>
    </failure>
  </testcase> <!-- loginPageTest -->
  <testcase classname="ContactTest.CreateContact" name="createContactWithCampaign" time="26.857"/>
  <testcase classname="genericBaseClassUtility.BaseClass" name="@AfterTest afterTest" time="0.0">
    <ignored/>
  </testcase> <!-- @AfterTest afterTest -->
  <testcase classname="genericBaseClassUtility.BaseClass" name="@AfterSuite aftersuit" time="0.0">
    <ignored/>
  </testcase> <!-- @AfterSuite aftersuit -->
  <testcase classname="genericBaseClassUtility.BaseClass" name="@BeforeSuite beforeSuit" time="0.0">
    <ignored/>
  </testcase> <!-- @BeforeSuite beforeSuit -->
  <testcase classname="genericBaseClassUtility.BaseClass" name="@AfterTest afterTest" time="0.0">
    <ignored/>
  </testcase> <!-- @AfterTest afterTest -->
  <testcase classname="genericBaseClassUtility.BaseClass" name="@AfterSuite aftersuit" time="0.0">
    <ignored/>
  </testcase> <!-- @AfterSuite aftersuit -->
  <testcase classname="genericBaseClassUtility.BaseClass" name="@BeforeTest beforeTest" time="0.0">
    <ignored/>
  </testcase> <!-- @BeforeTest beforeTest -->
  <testcase classname="genericBaseClassUtility.BaseClass" name="@BeforeTest beforeTest" time="0.0">
    <ignored/>
  </testcase> <!-- @BeforeTest beforeTest -->
  <testcase classname="genericBaseClassUtility.BaseClass" name="@BeforeSuite beforeSuit" time="0.0">
    <ignored/>
  </testcase> <!-- @BeforeSuite beforeSuit -->
</testsuite> <!-- Test -->
